0 info it worked if it ends with ok
1 verbose cli [ '/usr/local/bin/node', '/usr/local/bin/npm', 'run', 'build' ]
2 info using npm@3.8.3
3 info using node@v5.10.1
4 verbose run-script [ 'prebuild', 'build', 'postbuild' ]
5 info lifecycle demo@1.0.0~prebuild: demo@1.0.0
6 silly lifecycle demo@1.0.0~prebuild: no script for prebuild, continuing
7 info lifecycle demo@1.0.0~build: demo@1.0.0
8 verbose lifecycle demo@1.0.0~build: unsafe-perm in lifecycle true
9 verbose lifecycle demo@1.0.0~build: PATH: /usr/local/lib/node_modules/npm/bin/node-gyp-bin:/Users/wangfanghua/projects/demo/node_modules/.bin:/usr/local/bin:/usr/local/bin:/usr/bin:/bin:/usr/sbin:/sbin:/Applications/Wireshark.app/Contents/MacOS
10 verbose lifecycle demo@1.0.0~build: CWD: /Users/wangfanghua/projects/demo
11 silly lifecycle demo@1.0.0~build: Args: [ '-c', 'webpack-dev-server --progress --colors' ]
12 silly lifecycle demo@1.0.0~build: Returned: code: 1  signal: null
13 info lifecycle demo@1.0.0~build: Failed to exec build script
14 verbose stack Error: demo@1.0.0 build: `webpack-dev-server --progress --colors`
14 verbose stack Exit status 1
14 verbose stack     at EventEmitter.<anonymous> (/usr/local/lib/node_modules/npm/lib/utils/lifecycle.js:239:16)
14 verbose stack     at emitTwo (events.js:100:13)
14 verbose stack     at EventEmitter.emit (events.js:185:7)
14 verbose stack     at ChildProcess.<anonymous> (/usr/local/lib/node_modules/npm/lib/utils/spawn.js:24:14)
14 verbose stack     at emitTwo (events.js:100:13)
14 verbose stack     at ChildProcess.emit (events.js:185:7)
14 verbose stack     at maybeClose (internal/child_process.js:850:16)
14 verbose stack     at Process.ChildProcess._handle.onexit (internal/child_process.js:215:5)
15 verbose pkgid demo@1.0.0
16 verbose cwd /Users/wangfanghua/projects/demo
17 error Darwin 16.6.0
18 error argv "/usr/local/bin/node" "/usr/local/bin/npm" "run" "build"
19 error node v5.10.1
20 error npm  v3.8.3
21 error code ELIFECYCLE
22 error demo@1.0.0 build: `webpack-dev-server --progress --colors`
22 error Exit status 1
23 error Failed at the demo@1.0.0 build script 'webpack-dev-server --progress --colors'.
23 error Make sure you have the latest version of node.js and npm installed.
23 error If you do, this is most likely a problem with the demo package,
23 error not with npm itself.
23 error Tell the author that this fails on your system:
23 error     webpack-dev-server --progress --colors
23 error You can get information on how to open an issue for this project with:
23 error     npm bugs demo
23 error Or if that isn't available, you can get their info via:
23 error     npm owner ls demo
23 error There is likely additional logging output above.
24 verbose exit [ 1, true ]
